<?xml version="1.0" encoding="UTF-8"?>
<testsuite name="functional.P2_exerciseKtTest" tests="1" skipped="0" failures="0" errors="0" timestamp="2021-06-27T12:23:08" hostname="Domrevs-MacBook-Pro-2.local" time="0.021">
  <properties/>
  <testcase name="uniqueTags" classname="functional.P2_exerciseKtTest" time="0.021"/>
  <system-out><![CDATA[{Accessory=[Material], Clothes=[Item Care, Fabric], Bags=[Purse, Army], Shoes=[children], Living=[Fabric, Material]}
]]></system-out>
  <system-err><![CDATA[]]></system-err>
</testsuite>
